<?xml version="1.0" encoding="UTF-8"?>
<!-- Generated by org.testng.reporters.JUnitReportReporter -->
<testsuite hostname="DESKTOP-UVU5C3P" failures="0" tests="1" name="com.POM_Difficult_shoppingCart.ShoppingCart_PageTest" time="7.705" errors="0" timestamp="2024-01-08T14:03:33 EST" skipped="0">
  <testcase classname="com.POM_Difficult_shoppingCart.ShoppingCart_PageTest" name="addProductToCart" time="7.705"/>
</testsuite> <!-- com.POM_Difficult_shoppingCart.ShoppingCart_PageTest -->
