<?xml version="1.0" encoding="UTF-8"?>
<!-- Generated by org.testng.reporters.JUnitReportReporter -->
<testsuite hostname="DESKTOP-UVU5C3P" failures="0" tests="2" name="com.BootCamp_POM_Login_Verificatio.Validation_LogingTest" time="13.620" errors="0" timestamp="2024-01-08T14:43:07 EST" skipped="0">
  <testcase classname="com.BootCamp_POM_Login_Verificatio.Validation_LogingTest" name="goToLoginPage" time="6.833"/>
  <testcase classname="com.BootCamp_POM_Login_Verificatio.Validation_LogingTest" name="logingsuccessfuly" time="6.787"/>
</testsuite> <!-- com.BootCamp_POM_Login_Verificatio.Validation_LogingTest -->
