<?xml version="1.0" encoding="UTF-8"?>
<!-- Generated by org.testng.reporters.JUnitReportReporter -->
<testsuite hostname="DESKTOP-UVU5C3P" failures="0" tests="1" name="com.POM_Difficult_shoppingCart.TestNGtstAddProducttoCart" time="8.286" errors="0" timestamp="2024-01-08T13:59:30 EST" skipped="0">
  <testcase classname="com.POM_Difficult_shoppingCart.TestNGtstAddProducttoCart" name="addProductinChart" time="8.286"/>
</testsuite> <!-- com.POM_Difficult_shoppingCart.TestNGtstAddProducttoCart -->
