<?xml version="1.0" encoding="UTF-8"?>
<!-- Generated by org.testng.reporters.JUnitReportReporter -->
<testsuite hostname="DESKTOP-UVU5C3P" failures="0" tests="1" name="com.Bootcamp_ShoppingCartPage.AddToShoppingCartAndVerify" time="6.619" errors="0" timestamp="2024-01-08T12:14:44 EST" skipped="0">
  <testcase classname="com.Bootcamp_ShoppingCartPage.AddToShoppingCartAndVerify" name="openShoppingCartPagewithVerify" time="6.619"/>
</testsuite> <!-- com.Bootcamp_ShoppingCartPage.AddToShoppingCartAndVerify -->
