<?xml version="1.0" encoding="UTF-8"?>
<!-- Generated by org.testng.reporters.JUnitReportReporter -->
<testsuite hostname="DESKTOP-UVU5C3P" failures="0" tests="1" name="com.Bootcamp_ShoppingCartPage.LoginTest" time="9.471" errors="0" timestamp="2023-12-19T14:26:45 EST" skipped="0">
  <testcase classname="com.Bootcamp_ShoppingCartPage.LoginTest" name="logintest" time="9.471"/>
</testsuite> <!-- com.Bootcamp_ShoppingCartPage.LoginTest -->
