<?xml version="1.0" encoding="UTF-8"?>
<!-- Generated by org.testng.reporters.JUnitReportReporter -->
<testsuite hostname="DESKTOP-UVU5C3P" failures="0" tests="1" name="com.Bootcamp_ShoppingCartPage.Loginpage" time="7.791" errors="0" timestamp="2023-12-15T12:03:54 EST" skipped="0">
  <testcase classname="com.Bootcamp_ShoppingCartPage.Loginpage" name="verifyLoginWithValidCredentials" time="7.791"/>
</testsuite> <!-- com.Bootcamp_ShoppingCartPage.Loginpage -->
