<?xml version="1.0" encoding="UTF-8"?>
<!-- Generated by org.testng.reporters.JUnitReportReporter -->
<testsuite hostname="DESKTOP-UVU5C3P" failures="0" tests="1" name="com.POM_Difficult_shoppingCart.TN_AddProducttoCartTest" time="49.287" errors="0" timestamp="2024-01-09T18:44:01 EST" skipped="0">
  <testcase classname="com.POM_Difficult_shoppingCart.TN_AddProducttoCartTest" name="addProductinChart" time="49.287"/>
</testsuite> <!-- com.POM_Difficult_shoppingCart.TN_AddProducttoCartTest -->
