<?xml version="1.0" encoding="UTF-8"?>
<!-- Generated by org.testng.reporters.JUnitReportReporter -->
<testsuite hostname="DESKTOP-UVU5C3P" failures="0" tests="1" name="com.POM.Search_PageQA3_Difficult.SearchPage_TestNGTest" time="12.083" errors="0" timestamp="2024-01-08T14:08:05 EST" skipped="0">
  <testcase classname="com.POM.Search_PageQA3_Difficult.SearchPage_TestNGTest" name="testAddProductToCartAndVerify" time="12.083"/>
</testsuite> <!-- com.POM.Search_PageQA3_Difficult.SearchPage_TestNGTest -->
